12217 master /home/jiangmengqi/openresty-staging/site-enable/shenghuo-master.conf
12218 gotop /home/jiangmengqi/openresty-staging/site-enable/shenghuo-gotop.conf
12219 rebate /home/jiangmengqi/openresty-staging/site-enable/shenghuo-rebate.conf
12220 visibility /home/jiangmengqi/openresty-staging/site-enable/shenghuo-visibility.conf
12221 assistant /home/jiangmengqi/openresty-staging/site-enable/shenghuo-assistant.conf
12222 searchcpc /home/jiangmengqi/openresty-staging/site-enable/shenghuo-searchcpc.conf
12223 hotwords /home/jiangmengqi/openresty-staging/site-enable/shenghuo-hotwords.conf
12224 detail /home/jiangmengqi/openresty-staging/site-enable/shenghuo-detail.conf
12225 newcomer /home/jiangmengqi/openresty-staging/site-enable/shenghuo-newcomer.conf
12226 push /home/jiangmengqi/openresty-staging/site-enable/shenghuo.conf
12227 treasure /home/jiangmengqi/openresty-staging/site-enable/shenghuo.conf
12228 cart /home/jiangmengqi/openresty-staging/site-enable/shenghuo.conf
12229 searchtab /home/jiangmengqi/openresty-staging/site-enable/shenghuo.conf
12230 track /home/jiangmengqi/openresty-staging/site-enable/shenghuo.conf
12231 freque /home/jiangmengqi/openresty-staging/site-enable/shenghuo.conf
12232 retain /home/jiangmengqi/openresty-staging/site-enable/shenghuo.conf
12233 searchmix /home/jiangmengqi/openresty-staging/site-enable/shenghuo.conf
12234 newerpackage /home/jiangmengqi/openresty-staging/site-enable/shenghuo.conf
12235 index /home/jiangmengqi/openresty-staging/site-enable/shenghuo.conf
12236 refresh /home/jiangmengqi/openresty-staging/site-enable/shenghuo.conf
12237 private /home/jiangmengqi/openresty-staging/site-enable/shenghuo.conf
12238 imei /home/jiangmengqi/openresty-staging/site-enable/shenghuo.conf
12239 threedog /home/jiangmengqi/openresty-staging/site-enable/shenghuo.conf
12240 searchv4 /home/jiangmengqi/openresty-staging/site-enable/shenghuo.conf
12241 component /home/jiangmengqi/openresty-staging/site-enable/shenghuo.conf
12242 task /home/jiangmengqi/openresty-staging/site-enable/shenghuo.conf
12243 coupon /home/jiangmengqi/openresty-staging/site-enable/shenghuo.conf
12245 complib /home/jiangmengqi/openresty-staging/site-enable/shenghuo.conf
12246 pay /home/jiangmengqi/openresty-staging/site-enable/shenghuo.conf
12247 taobao /home/jiangmengqi/openresty-staging/site-enable/shenghuo.conf
12249 region /home/jiangmengqi/openresty-staging/site-enable/shenghuo.conf
12250 sdk /home/jiangmengqi/openresty-staging/site-enable/shenghuo.conf
12251 login /home/jiangmengqi/openresty-staging/site-enable/shenghuo.conf
12252 detailv2 /home/jiangmengqi/openresty-staging/site-enable/shenghuo.conf
12299 league /home/jiangmengqi/openresty-staging/site-enable/shenghuo.conf
12253 league /home/jiangmengqi/openresty-staging/site-enable/shenghuo.conf
12254 usercenter /home/jiangmengqi/openresty-staging/site-enable/shenghuo.conf
12255 name /home/jiangmengqi/openresty-staging/site-enable/shenghuo.conf
12256 count /home/jiangmengqi/openresty-staging/site-enable/shenghuo.conf
12257 price /home/jiangmengqi/openresty-staging/site-enable/shenghuo.conf
12258 fav /home/jiangmengqi/openresty-staging/site-enable/shenghuo.conf
12259 testCollection /home/jiangmengqi/openresty-staging/site-enable/shenghuo.conf
12261 isLogin /home/jiangmengqi/openresty-staging/site-enable/shenghuo.conf
12262 text /home/jiangmengqi/openresty-staging/site-enable/shenghuo.conf
12263 master /home/jiangmengqi/openresty-staging/site-enable/shenghuo.conf
12265 lite /home/jiangmengqi/openresty-staging/site-enable/shenghuo.conf
